::1 - - [01/Feb/2018:09:56:21 +0000] "GET /blogs HTTP/1.1" 304 - "-" "Mozilla/5.0 (Windows NT 10.0; Win64; x64) AppleWebKit/537.36 (KHTML, like Gecko) Chrome/63.0.3239.132 Safari/537.36"
::1 - - [01/Feb/2018:09:56:21 +0000] "GET /favicon.ico HTTP/1.1" 200 1150 "http://localhost:8080/blogs" "Mozilla/5.0 (Windows NT 10.0; Win64; x64) AppleWebKit/537.36 (KHTML, like Gecko) Chrome/63.0.3239.132 Safari/537.36"
::1 - - [01/Feb/2018:09:57:29 +0000] "GET /blogs HTTP/1.1" 304 - "-" "Mozilla/5.0 (Windows NT 10.0; Win64; x64) AppleWebKit/537.36 (KHTML, like Gecko) Chrome/63.0.3239.132 Safari/537.36"
::1 - - [01/Feb/2018:09:57:29 +0000] "GET /favicon.ico HTTP/1.1" 200 1150 "http://localhost:8080/blogs" "Mozilla/5.0 (Windows NT 10.0; Win64; x64) AppleWebKit/537.36 (KHTML, like Gecko) Chrome/63.0.3239.132 Safari/537.36"
::1 - - [01/Feb/2018:09:58:18 +0000] "GET /blogs/1 HTTP/1.1" 500 182 "-" "Mozilla/5.0 (Windows NT 10.0; Win64; x64) AppleWebKit/537.36 (KHTML, like Gecko) Chrome/63.0.3239.132 Safari/537.36"
::1 - - [01/Feb/2018:09:58:47 +0000] "GET /blogs/ HTTP/1.1" 200 430 "-" "Mozilla/5.0 (Windows NT 10.0; Win64; x64) AppleWebKit/537.36 (KHTML, like Gecko) Chrome/63.0.3239.132 Safari/537.36"
::1 - - [01/Feb/2018:10:00:45 +0000] "GET /blogs/ HTTP/1.1" 304 - "-" "Mozilla/5.0 (Windows NT 10.0; Win64; x64) AppleWebKit/537.36 (KHTML, like Gecko) Chrome/63.0.3239.132 Safari/537.36"
::1 - - [01/Feb/2018:10:00:45 +0000] "GET /favicon.ico HTTP/1.1" 200 1150 "http://localhost:8080/blogs/" "Mozilla/5.0 (Windows NT 10.0; Win64; x64) AppleWebKit/537.36 (KHTML, like Gecko) Chrome/63.0.3239.132 Safari/537.36"
::1 - - [01/Feb/2018:10:01:11 +0000] "GET /b HTTP/1.1" 404 140 "-" "Mozilla/5.0 (Windows NT 10.0; Win64; x64) AppleWebKit/537.36 (KHTML, like Gecko) Chrome/63.0.3239.132 Safari/537.36"
::1 - - [01/Feb/2018:10:30:21 +0000] "GET /blogs HTTP/1.1" 304 - "-" "Mozilla/5.0 (Windows NT 10.0; Win64; x64) AppleWebKit/537.36 (KHTML, like Gecko) Chrome/63.0.3239.132 Safari/537.36"
::1 - - [01/Feb/2018:10:35:21 +0000] "GET /blogs/ HTTP/1.1" 200 430 "-" "PostmanRuntime/7.1.1"
::1 - - [01/Feb/2018:10:36:55 +0000] "DELETE /blogs/5a72d8aca9e4492504f8dac7 HTTP/1.1" 200 51 "-" "PostmanRuntime/7.1.1"
::1 - - [01/Feb/2018:10:37:05 +0000] "GET /blogs/ HTTP/1.1" 200 387 "-" "PostmanRuntime/7.1.1"
::1 - - [01/Feb/2018:10:37:28 +0000] "DELETE /blogs/5a72d8d4a9e4492504f8dac8 HTTP/1.1" 200 51 "-" "PostmanRuntime/7.1.1"
::1 - - [01/Feb/2018:10:37:41 +0000] "GET /blogs/ HTTP/1.1" 200 344 "-" "PostmanRuntime/7.1.1"
::1 - - [01/Feb/2018:10:37:54 +0000] "DELETE /blogs/5a72d92fd4ff670858fd3d4c HTTP/1.1" 200 51 "-" "PostmanRuntime/7.1.1"
::1 - - [01/Feb/2018:10:38:01 +0000] "GET /blogs/ HTTP/1.1" 200 301 "-" "PostmanRuntime/7.1.1"
::1 - - [01/Feb/2018:10:48:32 +0000] "GET /blogs/ HTTP/1.1" 200 301 "-" "PostmanRuntime/7.1.1"
::1 - - [01/Feb/2018:10:57:41 +0000] "GET /blogs HTTP/1.1" 200 301 "-" "Mozilla/5.0 (Windows NT 10.0; Win64; x64) AppleWebKit/537.36 (KHTML, like Gecko) Chrome/63.0.3239.132 Safari/537.36"
::1 - - [01/Feb/2018:10:57:41 +0000] "GET /favicon.ico HTTP/1.1" 200 1150 "http://localhost:8080/blogs" "Mozilla/5.0 (Windows NT 10.0; Win64; x64) AppleWebKit/537.36 (KHTML, like Gecko) Chrome/63.0.3239.132 Safari/537.36"
::1 - - [01/Feb/2018:12:16:51 +0000] "GET /blogs HTTP/1.1" 304 - "-" "Mozilla/5.0 (Windows NT 10.0; Win64; x64) AppleWebKit/537.36 (KHTML, like Gecko) Chrome/63.0.3239.132 Safari/537.36"
::1 - - [01/Feb/2018:12:16:51 +0000] "GET /favicon.ico HTTP/1.1" 200 1150 "http://localhost:8080/blogs" "Mozilla/5.0 (Windows NT 10.0; Win64; x64) AppleWebKit/537.36 (KHTML, like Gecko) Chrome/63.0.3239.132 Safari/537.36"
::1 - - [01/Feb/2018:12:16:59 +0000] "GET /blogs/ HTTP/1.1" 200 301 "-" "PostmanRuntime/7.1.1"
::1 - - [01/Feb/2018:12:17:08 +0000] "GET / HTTP/1.1" 200 16 "-" "PostmanRuntime/7.1.1"
::1 - - [01/Feb/2018:12:20:29 +0000] "GET /blogs HTTP/1.1" 304 - "-" "Mozilla/5.0 (Windows NT 10.0; Win64; x64) AppleWebKit/537.36 (KHTML, like Gecko) Chrome/63.0.3239.132 Safari/537.36"
::1 - - [01/Feb/2018:12:20:35 +0000] "GET / HTTP/1.1" 500 1585 "-" "Mozilla/5.0 (Windows NT 10.0; Win64; x64) AppleWebKit/537.36 (KHTML, like Gecko) Chrome/63.0.3239.132 Safari/537.36"
::1 - - [01/Feb/2018:12:22:28 +0000] "GET / HTTP/1.1" 200 97 "-" "Mozilla/5.0 (Windows NT 10.0; Win64; x64) AppleWebKit/537.36 (KHTML, like Gecko) Chrome/63.0.3239.132 Safari/537.36"
::1 - - [01/Feb/2018:12:22:42 +0000] "GET /blogs HTTP/1.1" 304 - "-" "Mozilla/5.0 (Windows NT 10.0; Win64; x64) AppleWebKit/537.36 (KHTML, like Gecko) Chrome/63.0.3239.132 Safari/537.36"
::1 - - [01/Feb/2018:12:22:55 +0000] "GET /blogs/1 HTTP/1.1" 500 182 "-" "Mozilla/5.0 (Windows NT 10.0; Win64; x64) AppleWebKit/537.36 (KHTML, like Gecko) Chrome/63.0.3239.132 Safari/537.36"
::1 - - [01/Feb/2018:12:22:59 +0000] "GET /blogs HTTP/1.1" 304 - "-" "Mozilla/5.0 (Windows NT 10.0; Win64; x64) AppleWebKit/537.36 (KHTML, like Gecko) Chrome/63.0.3239.132 Safari/537.36"
::1 - - [01/Feb/2018:12:23:00 +0000] "GET /blogs1 HTTP/1.1" 200 97 "-" "Mozilla/5.0 (Windows NT 10.0; Win64; x64) AppleWebKit/537.36 (KHTML, like Gecko) Chrome/63.0.3239.132 Safari/537.36"
::1 - - [01/Feb/2018:12:29:54 +0000] "GET /blogs HTTP/1.1" 304 - "-" "Mozilla/5.0 (Windows NT 10.0; Win64; x64) AppleWebKit/537.36 (KHTML, like Gecko) Chrome/63.0.3239.132 Safari/537.36"
::1 - - [01/Feb/2018:12:29:59 +0000] "GET / HTTP/1.1" 304 - "-" "Mozilla/5.0 (Windows NT 10.0; Win64; x64) AppleWebKit/537.36 (KHTML, like Gecko) Chrome/63.0.3239.132 Safari/537.36"
